c:\users\wileyng\source\repos\clipper2\dll\cpp_dll\clipper2zdll\x64\release\vc143.pdb
c:\users\wileyng\source\repos\clipper2\dll\cpp_dll\clipper2zdll\x64\release\wrapper.obj
c:\users\wileyng\source\repos\clipper2\dll\cpp_dll\clipper2zdll\x64\release\pch.obj
c:\users\wileyng\source\repos\clipper2\dll\cpp_dll\clipper2zdll\x64\release\dllmain.obj
c:\users\wileyng\source\repos\clipper2\dll\cpp_dll\clipper2zdll\x64\release\clipper.rectclip.obj
c:\users\wileyng\source\repos\clipper2\dll\cpp_dll\clipper2zdll\x64\release\clipper.offset.obj
c:\users\wileyng\source\repos\clipper2\dll\cpp_dll\clipper2zdll\x64\release\clipper.engine.obj
c:\users\wileyng\source\repos\clipper2\dll\cpp_dll\x64\release\clipper2_z_64.dll
c:\users\wileyng\source\repos\clipper2\dll\cpp_dll\x64\release\clipper2_z_64.pdb
c:\users\wileyng\source\repos\clipper2\dll\cpp_dll\x64\release\clipper2_z_64.lib
c:\users\wileyng\source\repos\clipper2\dll\cpp_dll\x64\release\clipper2_z_64.exp
c:\users\wileyng\source\repos\clipper2\dll\cpp_dll\clipper2zdll\x64\release\clipper2_z_64.ipdb
c:\users\wileyng\source\repos\clipper2\dll\cpp_dll\clipper2zdll\x64\release\clipper2_z_64.iobj
c:\users\wileyng\source\repos\clipper2\dll\cpp_dll\clipper2zdll\x64\release\clipper2zdll.tlog\cl.command.1.tlog
c:\users\wileyng\source\repos\clipper2\dll\cpp_dll\clipper2zdll\x64\release\clipper2zdll.tlog\cl.items.tlog
c:\users\wileyng\source\repos\clipper2\dll\cpp_dll\clipper2zdll\x64\release\clipper2zdll.tlog\cl.read.1.tlog
c:\users\wileyng\source\repos\clipper2\dll\cpp_dll\clipper2zdll\x64\release\clipper2zdll.tlog\cl.write.1.tlog
c:\users\wileyng\source\repos\clipper2\dll\cpp_dll\clipper2zdll\x64\release\clipper2zdll.tlog\link.command.1.tlog
c:\users\wileyng\source\repos\clipper2\dll\cpp_dll\clipper2zdll\x64\release\clipper2zdll.tlog\link.read.1.tlog
c:\users\wileyng\source\repos\clipper2\dll\cpp_dll\clipper2zdll\x64\release\clipper2zdll.tlog\link.secondary.1.tlog
c:\users\wileyng\source\repos\clipper2\dll\cpp_dll\clipper2zdll\x64\release\clipper2zdll.tlog\link.write.1.tlog
